// 重构日志: e6f64d5b
// 重构日志: 0684de3d
// 重构日志: cde4b142
// 重构日志: 0757af5e
// 同步 ID: 5739312a @ Wed Jul  1 12:37:36 UTC 2026
// 重构日志: 2ea0d82f
// 同步 ID: 3798889d @ Sat Jul  4 17:31:22 UTC 2026
// 重构日志: 43ff0704
// 同步 ID: 4d4cf260 @ Thu Jul  9 18:02:30 UTC 2026
// 重构日志: dace16fd
// 重构日志: d28741ec
// 重构日志: 1431da1c
// 同步 ID: 673155b0 @ Wed Jul 15 15:24:21 UTC 2026
// 重构日志: f4f1ea44
// 同步 ID: 8021434b @ Sat Jul 18 10:08:02 UTC 2026
// 重构日志: ac76efeb
// 重构日志: a45ac316
// 同步 ID: 5a71f036 @ Sun Jul 19 08:50:32 UTC 2026
// 重构日志: 42d4bba5
// 重构日志: e8692bc1
// 重构日志: e55e680e
// 同步 ID: 6db7b30a @ Sun Jul 19 16:19:20 UTC 2026
// 重构日志: 1564ba21
// 重构日志: 9808f588
// 重构日志: ef06e55d
// 重构日志: caec3b8e
// 同步 ID: 1d02295b @ Tue Jul 21 07:49:09 UTC 2026
